02:36:56 **** Incremental Build of configuration Debug for project FP1516-C-ubahidarr ****
mingw32-make all 
cmd \/C del testCadena.exe
cmd \/C del testAsignatura.exe
cmd \/C del testGrado.exe
cmd \/C del testEspacio.exe
No se pudo encontrar E:\github\FP1516-ubahidarr-C\FP1516-C-ubahidarr\testEspacio.exe
cmd \/C del testCentro.exe	
gcc -I . -I./includes cadena.c testCadena.c -o testCadena.exe
gcc -I . -I./includes asignatura.c cadena.c testAsignatura.c -o testAsignatura.exe
gcc -I . -I./includes grado.c asignatura.c cadena.c testGrado.c -o testGrado.exe
gcc -I . -I./includes espacio.c cadena.c testEspacio.c -o testEspacio.exe
espacio.c: In function 'inicializaEspacio':
espacio.c:15:10: warning: passing argument 1 of 'printf' from incompatible pointer type
   printf(stderr, "Error en la capacidad: %d\n", capacidad);
          ^
In file included from ./includes/espacio.h:11:0,
                 from espacio.c:10:
c:\mingw\include\stdio.h:293:37: note: expected 'const char *' but argument is of type 'struct FILE *'
 _CRTIMP int __cdecl __MINGW_NOTHROW printf (const char*, ...);
                                     ^
gcc -I . -I./includes espacio.c centro.c cadena.c testCentro.c -o testCentro.exe
espacio.c: In function 'inicializaEspacio':
espacio.c:15:10: warning: passing argument 1 of 'printf' from incompatible pointer type
   printf(stderr, "Error en la capacidad: %d\n", capacidad);
          ^
In file included from ./includes/espacio.h:11:0,
                 from espacio.c:10:
c:\mingw\include\stdio.h:293:37: note: expected 'const char *' but argument is of type 'struct FILE *'
 _CRTIMP int __cdecl __MINGW_NOTHROW printf (const char*, ...);
                                     ^
02:37:39 **** Incremental Build of configuration Debug for project FP1516-C-ubahidarr ****
mingw32-make all 
cmd \/C del testCadena.exe
cmd \/C del testAsignatura.exe
cmd \/C del testGrado.exe
cmd \/C del testEspacio.exe
cmd \/C del testCentro.exe	
gcc -I . -I./includes cadena.c testCadena.c -o testCadena.exe
gcc -I . -I./includes asignatura.c cadena.c testAsignatura.c -o testAsignatura.exe
gcc -I . -I./includes grado.c asignatura.c cadena.c testGrado.c -o testGrado.exe
gcc -I . -I./includes espacio.c cadena.c testEspacio.c -o testEspacio.exe
espacio.c: In function 'inicializaEspacio':
espacio.c:15:10: warning: passing argument 1 of 'printf' from incompatible pointer type
   printf(stderr, "Error en la capacidad: %d\n", capacidad);
          ^
In file included from ./includes/espacio.h:11:0,
                 from espacio.c:10:
c:\mingw\include\stdio.h:293:37: note: expected 'const char *' but argument is of type 'struct FILE *'
 _CRTIMP int __cdecl __MINGW_NOTHROW printf (const char*, ...);
                                     ^
gcc -I . -I./includes espacio.c centro.c cadena.c testCentro.c -o testCentro.exe
espacio.c: In function 'inicializaEspacio':
espacio.c:15:10: warning: passing argument 1 of 'printf' from incompatible pointer type
   printf(stderr, "Error en la capacidad: %d\n", capacidad);
          ^
In file included from ./includes/espacio.h:11:0,
                 from espacio.c:10:
c:\mingw\include\stdio.h:293:37: note: expected 'const char *' but argument is of type 'struct FILE *'
 _CRTIMP int __cdecl __MINGW_NOTHROW printf (const char*, ...);
                                     ^
02:38:32 **** Incremental Build of configuration Debug for project FP1516-C-ubahidarr ****
mingw32-make all 
cmd \/C del testCadena.exe
cmd \/C del testAsignatura.exe
cmd \/C del testGrado.exe
cmd \/C del testEspacio.exe
cmd \/C del testCentro.exe	
gcc -I . -I./includes cadena.c testCadena.c -o testCadena.exe
gcc -I . -I./includes asignatura.c cadena.c testAsignatura.c -o testAsignatura.exe
gcc -I . -I./includes grado.c asignatura.c cadena.c testGrado.c -o testGrado.exe
gcc -I . -I./includes espacio.c cadena.c testEspacio.c -o testEspacio.exe
espacio.c: In function 'inicializaEspacio':
espacio.c:15:10: warning: passing argument 1 of 'printf' from incompatible pointer type
   printf(stderr, "Error en la capacidad: %d\n", capacidad);
          ^
In file included from ./includes/espacio.h:11:0,
                 from espacio.c:10:
c:\mingw\include\stdio.h:293:37: note: expected 'const char *' but argument is of type 'struct FILE *'
 _CRTIMP int __cdecl __MINGW_NOTHROW printf (const char*, ...);
                                     ^
gcc -I . -I./includes espacio.c centro.c cadena.c testCentro.c -o testCentro.exe
espacio.c: In function 'inicializaEspacio':
espacio.c:15:10: warning: passing argument 1 of 'printf' from incompatible pointer type
   printf(stderr, "Error en la capacidad: %d\n", capacidad);
          ^
In file included from ./includes/espacio.h:11:0,
                 from espacio.c:10:
c:\mingw\include\stdio.h:293:37: note: expected 'const char *' but argument is of type 'struct FILE *'
 _CRTIMP int __cdecl __MINGW_NOTHROW printf (const char*, ...);
                                     ^
